\\hd.ad.syr.edu\03\2de5c5\documents\desktop\zhen xia\project3-codepublisher-zhen xia\typeanal\x64\debug\typeanal.pdb
\\hd.ad.syr.edu\03\2de5c5\documents\desktop\zhen xia\project3-codepublisher-zhen xia\typeanal\x64\debug\typeanal.idb
\\hd.ad.syr.edu\03\2de5c5\documents\desktop\zhen xia\project3-codepublisher-zhen xia\typeanal\x64\debug\abstrsyntree.obj
\\hd.ad.syr.edu\03\2de5c5\documents\desktop\zhen xia\project3-codepublisher-zhen xia\typeanal\x64\debug\filesystem.obj
\\hd.ad.syr.edu\03\2de5c5\documents\desktop\zhen xia\project3-codepublisher-zhen xia\typeanal\x64\debug\grammarhelpers.obj
\\hd.ad.syr.edu\03\2de5c5\documents\desktop\zhen xia\project3-codepublisher-zhen xia\typeanal\x64\debug\logger.obj
\\hd.ad.syr.edu\03\2de5c5\documents\desktop\zhen xia\project3-codepublisher-zhen xia\typeanal\x64\debug\actionsandrules.obj
\\hd.ad.syr.edu\03\2de5c5\documents\desktop\zhen xia\project3-codepublisher-zhen xia\typeanal\x64\debug\configureparser.obj
\\hd.ad.syr.edu\03\2de5c5\documents\desktop\zhen xia\project3-codepublisher-zhen xia\typeanal\x64\debug\parser.obj
\\hd.ad.syr.edu\03\2de5c5\documents\desktop\zhen xia\project3-codepublisher-zhen xia\typeanal\x64\debug\semiexp.obj
\\hd.ad.syr.edu\03\2de5c5\documents\desktop\zhen xia\project3-codepublisher-zhen xia\typeanal\x64\debug\tokenizer.obj
\\hd.ad.syr.edu\03\2de5c5\documents\desktop\zhen xia\project3-codepublisher-zhen xia\typeanal\x64\debug\typetable.obj
\\hd.ad.syr.edu\03\2de5c5\documents\desktop\zhen xia\project3-codepublisher-zhen xia\typeanal\x64\debug\utilities.obj
\\hd.ad.syr.edu\03\2de5c5\documents\desktop\zhen xia\project3-codepublisher-zhen xia\typeanal\x64\debug\typeanal.obj
\\hd.ad.syr.edu\03\2de5c5\documents\desktop\zhen xia\project3-codepublisher-zhen xia\x64\debug\typeanal.lib
e:\study\su master\cse687\project\project3\project3-codepublisher-zhen xia\typeanal\x64\debug\abstrsyntree.obj
e:\study\su master\cse687\project\project3\project3-codepublisher-zhen xia\typeanal\x64\debug\actionsandrules.obj
e:\study\su master\cse687\project\project3\project3-codepublisher-zhen xia\typeanal\x64\debug\configureparser.obj
e:\study\su master\cse687\project\project3\project3-codepublisher-zhen xia\typeanal\x64\debug\filesystem.obj
e:\study\su master\cse687\project\project3\project3-codepublisher-zhen xia\typeanal\x64\debug\grammarhelpers.obj
e:\study\su master\cse687\project\project3\project3-codepublisher-zhen xia\typeanal\x64\debug\logger.obj
e:\study\su master\cse687\project\project3\project3-codepublisher-zhen xia\typeanal\x64\debug\parser.obj
e:\study\su master\cse687\project\project3\project3-codepublisher-zhen xia\typeanal\x64\debug\semiexp.obj
e:\study\su master\cse687\project\project3\project3-codepublisher-zhen xia\typeanal\x64\debug\tokenizer.obj
e:\study\su master\cse687\project\project3\project3-codepublisher-zhen xia\typeanal\x64\debug\typeanal.obj
e:\study\su master\cse687\project\project3\project3-codepublisher-zhen xia\typeanal\x64\debug\typetable.obj
e:\study\su master\cse687\project\project3\project3-codepublisher-zhen xia\typeanal\x64\debug\utilities.obj
e:\study\su master\cse687\project\project3\project3-codepublisher-zhen xia\typeanal\x64\debug\typeanal.idb
e:\study\su master\cse687\project\project3\project3-codepublisher-zhen xia\typeanal\x64\debug\typeanal.pdb
e:\study\su master\cse687\project\project3\project3-codepublisher-zhen xia\x64\debug\typeanal.pdb
e:\study\su master\cse687\project\project3\project3-codepublisher-zhen xia\x64\debug\typeanal.lib
e:\study\su master\cse687\project\project3\project3-codepublisher-zhen xia\typeanal\x64\debug\typeanal.tlog\cl.command.1.tlog
e:\study\su master\cse687\project\project3\project3-codepublisher-zhen xia\typeanal\x64\debug\typeanal.tlog\cl.read.1.tlog
e:\study\su master\cse687\project\project3\project3-codepublisher-zhen xia\typeanal\x64\debug\typeanal.tlog\cl.write.1.tlog
e:\study\su master\cse687\project\project3\project3-codepublisher-zhen xia\typeanal\x64\debug\typeanal.tlog\lib-link.read.1.tlog
e:\study\su master\cse687\project\project3\project3-codepublisher-zhen xia\typeanal\x64\debug\typeanal.tlog\lib-link.write.1.tlog
e:\study\su master\cse687\project\project3\project3-codepublisher-zhen xia\typeanal\x64\debug\typeanal.tlog\lib.command.1.tlog
