e:\study\su master\cse687\project\project4\project4-remote code publisher-zhen xia\codepubs\x64\debug\vc140.pdb
e:\study\su master\cse687\project\project4\project4-remote code publisher-zhen xia\codepubs\x64\debug\vc140.idb
e:\study\su master\cse687\project\project4\project4-remote code publisher-zhen xia\codepubs\x64\debug\abstrsyntree.obj
e:\study\su master\cse687\project\project4\project4-remote code publisher-zhen xia\codepubs\x64\debug\codepublisher.obj
e:\study\su master\cse687\project\project4\project4-remote code publisher-zhen xia\codepubs\x64\debug\comm.obj
e:\study\su master\cse687\project\project4\project4-remote code publisher-zhen xia\codepubs\x64\debug\dependencyanal.obj
e:\study\su master\cse687\project\project4\project4-remote code publisher-zhen xia\codepubs\x64\debug\filesystem.obj
e:\study\su master\cse687\project\project4\project4-remote code publisher-zhen xia\codepubs\x64\debug\grammarhelpers.obj
e:\study\su master\cse687\project\project4\project4-remote code publisher-zhen xia\codepubs\x64\debug\httpmessage.obj
e:\study\su master\cse687\project\project4\project4-remote code publisher-zhen xia\codepubs\x64\debug\logger.obj
e:\study\su master\cse687\project\project4\project4-remote code publisher-zhen xia\codepubs\x64\debug\actionsandrules.obj
e:\study\su master\cse687\project\project4\project4-remote code publisher-zhen xia\codepubs\x64\debug\configureparser.obj
e:\study\su master\cse687\project\project4\project4-remote code publisher-zhen xia\codepubs\x64\debug\parser.obj
e:\study\su master\cse687\project\project4\project4-remote code publisher-zhen xia\codepubs\x64\debug\semiexp.obj
e:\study\su master\cse687\project\project4\project4-remote code publisher-zhen xia\codepubs\x64\debug\sockets.obj
e:\study\su master\cse687\project\project4\project4-remote code publisher-zhen xia\codepubs\x64\debug\tokenizer.obj
e:\study\su master\cse687\project\project4\project4-remote code publisher-zhen xia\codepubs\x64\debug\typeanal.obj
e:\study\su master\cse687\project\project4\project4-remote code publisher-zhen xia\codepubs\x64\debug\typetable.obj
e:\study\su master\cse687\project\project4\project4-remote code publisher-zhen xia\codepubs\x64\debug\utilities.obj
e:\study\su master\cse687\project\project4\project4-remote code publisher-zhen xia\codepubs\x64\debug\codepubs.obj
e:\study\su master\cse687\project\project4\project4-remote code publisher-zhen xia\codepubs\x64\debug\codepubs.vcxprojresolveassemblyreference.cache
e:\study\su master\cse687\project\project4\project4-remote code publisher-zhen xia\x64\debug\codepubs.pdb
e:\study\su master\cse687\project\project4\project4-remote code publisher-zhen xia\x64\debug\codepubs.exe
e:\study\su master\cse687\project\project4\project4-remote code publisher-zhen xia\x64\debug\codepubs.ilk
e:\study\su master\cse687\project\project4\project4-remote code publisher-zhen xia\codepubs\x64\debug\codepubs.tlog\cl.command.1.tlog
e:\study\su master\cse687\project\project4\project4-remote code publisher-zhen xia\codepubs\x64\debug\codepubs.tlog\cl.read.1.tlog
e:\study\su master\cse687\project\project4\project4-remote code publisher-zhen xia\codepubs\x64\debug\codepubs.tlog\cl.write.1.tlog
e:\study\su master\cse687\project\project4\project4-remote code publisher-zhen xia\codepubs\x64\debug\codepubs.tlog\link.command.1.tlog
e:\study\su master\cse687\project\project4\project4-remote code publisher-zhen xia\codepubs\x64\debug\codepubs.tlog\link.read.1.tlog
e:\study\su master\cse687\project\project4\project4-remote code publisher-zhen xia\codepubs\x64\debug\codepubs.tlog\link.write.1.tlog
