d:\project4-remote code publisher-zhen xia\parser\debug\vc140.pdb
d:\project4-remote code publisher-zhen xia\parser\debug\vc140.idb
d:\project4-remote code publisher-zhen xia\parser\debug\abstrsyntree.obj
d:\project4-remote code publisher-zhen xia\parser\debug\filesystem.obj
d:\project4-remote code publisher-zhen xia\parser\debug\grammarhelpers.obj
d:\project4-remote code publisher-zhen xia\parser\debug\logger.obj
d:\project4-remote code publisher-zhen xia\parser\debug\scopestack.obj
d:\project4-remote code publisher-zhen xia\parser\debug\semiexp.obj
d:\project4-remote code publisher-zhen xia\parser\debug\tokenizer.obj
d:\project4-remote code publisher-zhen xia\parser\debug\utilities.obj
d:\project4-remote code publisher-zhen xia\parser\debug\actionsandrules.obj
d:\project4-remote code publisher-zhen xia\parser\debug\configureparser.obj
d:\project4-remote code publisher-zhen xia\parser\debug\parser.obj
d:\project4-remote code publisher-zhen xia\debug\parser.ilk
d:\project4-remote code publisher-zhen xia\debug\parser.exe
d:\project4-remote code publisher-zhen xia\debug\parser.pdb
d:\project4-remote code publisher-zhen xia\parser\debug\parser.tlog\cl.command.1.tlog
d:\project4-remote code publisher-zhen xia\parser\debug\parser.tlog\cl.read.1.tlog
d:\project4-remote code publisher-zhen xia\parser\debug\parser.tlog\cl.write.1.tlog
d:\project4-remote code publisher-zhen xia\parser\debug\parser.tlog\link.command.1.tlog
d:\project4-remote code publisher-zhen xia\parser\debug\parser.tlog\link.read.1.tlog
d:\project4-remote code publisher-zhen xia\parser\debug\parser.tlog\link.write.1.tlog
