d:\project4-remote code publisher-zhen xia\typeanal\debug\typeanal.pdb
d:\project4-remote code publisher-zhen xia\typeanal\debug\typeanal.idb
d:\project4-remote code publisher-zhen xia\typeanal\debug\abstrsyntree.obj
d:\project4-remote code publisher-zhen xia\typeanal\debug\filesystem.obj
d:\project4-remote code publisher-zhen xia\typeanal\debug\grammarhelpers.obj
d:\project4-remote code publisher-zhen xia\typeanal\debug\logger.obj
d:\project4-remote code publisher-zhen xia\typeanal\debug\actionsandrules.obj
d:\project4-remote code publisher-zhen xia\typeanal\debug\configureparser.obj
d:\project4-remote code publisher-zhen xia\typeanal\debug\parser.obj
d:\project4-remote code publisher-zhen xia\typeanal\debug\semiexp.obj
d:\project4-remote code publisher-zhen xia\typeanal\debug\tokenizer.obj
d:\project4-remote code publisher-zhen xia\typeanal\debug\typetable.obj
d:\project4-remote code publisher-zhen xia\typeanal\debug\utilities.obj
d:\project4-remote code publisher-zhen xia\typeanal\debug\typeanal.obj
d:\project4-remote code publisher-zhen xia\debug\typeanal.lib
d:\project4-remote code publisher-zhen xia\typeanal\debug\typeanal.tlog\cl.command.1.tlog
d:\project4-remote code publisher-zhen xia\typeanal\debug\typeanal.tlog\cl.read.1.tlog
d:\project4-remote code publisher-zhen xia\typeanal\debug\typeanal.tlog\cl.write.1.tlog
d:\project4-remote code publisher-zhen xia\typeanal\debug\typeanal.tlog\lib-link.read.1.tlog
d:\project4-remote code publisher-zhen xia\typeanal\debug\typeanal.tlog\lib-link.write.1.tlog
d:\project4-remote code publisher-zhen xia\typeanal\debug\typeanal.tlog\lib.command.1.tlog
